<?xml version="1.0" encoding="UTF-8"?>
<!-- Generated by org.testng.reporters.JUnitXMLReporter -->
<testsuite hostname="LAPTOP-DN1A88SJ" ignored="0" name="EcomTest06" tests="1" failures="1" timestamp="21 Feb 2019 02:48:00 GMT" time="68.987" errors="0">
  <testcase name="purchaseVerification" time="62.729" classname="project.framework.EcomTest06">
    <failure type="org.openqa.selenium.NoSuchElementException" message="Cannot locate an element using xpath=.//*[@id=&amp;apos;shopping-cart-totals-table&amp;apos;]/tbody/tr[2]/td[2]/span
For documentation on this error, please visit: https://www.seleniumhq.org/exceptions/no_such_element.html
Build info: version: &amp;apos;3.141.59&amp;apos;, revision: &amp;apos;e82be7d358&amp;apos;, time: &amp;apos;2018-11-14T08:17:03&amp;apos;
System info: host: &amp;apos;LAPTOP-DN1A88SJ&amp;apos;, ip: &amp;apos;192.168.75.1&amp;apos;, os.name: &amp;apos;Windows 10&amp;apos;, os.arch: &amp;apos;amd64&amp;apos;, os.version: &amp;apos;10.0&amp;apos;, java.version: &amp;apos;1.8.0_191&amp;apos;
Driver info: driver.version: RemoteWebDriver">
      <![CDATA[org.openqa.selenium.NoSuchElementException: Cannot locate an element using xpath=.//*[@id='shopping-cart-totals-table']/tbody/tr[2]/td[2]/span
For documentation on this error, please visit: https://www.seleniumhq.org/exceptions/no_such_element.html
Build info: version: '3.141.59', revision: 'e82be7d358', time: '2018-11-14T08:17:03'
System info: host: 'LAPTOP-DN1A88SJ', ip: '192.168.75.1', os.name: 'Windows 10', os.arch: 'amd64', os.version: '10.0', java.version: '1.8.0_191'
Driver info: driver.version: RemoteWebDriver
at org.openqa.selenium.remote.RemoteWebDriver.findElement(RemoteWebDriver.java:327)
at org.openqa.selenium.remote.RemoteWebDriver.findElementByXPath(RemoteWebDriver.java:428)
at org.openqa.selenium.By$ByXPath.findElement(By.java:353)
at org.openqa.selenium.remote.RemoteWebDriver.findElement(RemoteWebDriver.java:315)
at project.framework.EcomTest06.purchaseVerification(EcomTest06.java:88)
... Removed 25 stack frames]]>
    </failure>
  </testcase> <!-- purchaseVerification -->
</testsuite> <!-- EcomTest06 -->
